[1768299687.667][INFO]: Starting ChromeDriver 143.0.7499.192 (be2c1f4fd451578a9ada68a0ac12d659362b44bf-refs/branch-heads/7499@{#4083}) on port 39701
[1768299687.668][INFO]: Please see https://chromedriver.chromium.org/security-considerations for suggestions on keeping ChromeDriver safe.
[1768299687.672][INFO]: ChromeDriver was started successfully on port 39701
[1768299687.836][INFO]: [51b85852c79e7d69cf81efaccfea798a] COMMAND InitSession {
   "capabilities": {
      "firstMatch": [ {
         "browserName": "chrome",
         "goog:chromeOptions": {
            "args": [ "--remote-allow-origins=*" ],
            "extensions": [  ]
         },
         "goog:loggingPrefs": {
            "browser": "ALL",
            "driver": "ALL"
         }
      } ]
   }
}
[1768299687.837][INFO]: Browser search. Trying... C:\Users\aksha\.cache\selenium\chromedriver\win64\143.0.7499.192\chrome.exe
[1768299687.837][INFO]: Browser search. Trying... C:\Users\aksha\.cache\selenium\chromedriver\win64\143.0.7499.192\chrome.exe
[1768299687.837][INFO]: Browser search. Trying... C:\Users\aksha\.cache\selenium\chromedriver\win64\143.0.7499.192\chromium.exe
[1768299687.838][INFO]: Browser search. Trying... C:\Users\aksha\AppData\Local\Google\Chrome\Application\chrome.exe
[1768299687.838][INFO]: Browser search. Trying... C:\Program Files\Google\Chrome\Application\chrome.exe
[1768299687.838][INFO]: Browser search. Found at  C:\Program Files\Google\Chrome\Application\chrome.exe
[1768299687.839][INFO]: Populating Preferences file: {
   "alternate_error_pages": {
      "enabled": false
   },
   "autofill": {
      "enabled": false
   },
   "browser": {
      "check_default_browser": false
   },
   "distribution": {
      "import_bookmarks": false,
      "import_history": false,
      "import_search_engine": false,
      "make_chrome_default_for_user": false,
      "skip_first_run_ui": true
   },
   "dns_prefetching": {
      "enabled": false
   },
   "profile": {
      "content_settings": {
         "pattern_pairs": {
            "https://*,*": {
               "media-stream": {
                  "audio": "Default",
                  "video": "Default"
               }
            }
         }
      },
      "default_content_setting_values": {
         "geolocation": 1
      },
      "default_content_settings": {
         "geolocation": 1,
         "mouselock": 1,
         "notifications": 1,
         "popups": 1,
         "ppapi-broker": 1
      },
      "password_manager_enabled": false
   },
   "safebrowsing": {
      "enabled": false
   },
   "search": {
      "suggest_enabled": false
   },
   "translate": {
      "enabled": false
   }
}
[1768299687.839][INFO]: Populating Local State file: {
   "background_mode": {
      "enabled": false
   },
   "ssl": {
      "rev_checking": {
         "enabled": false
      }
   }
}
[1768299687.840][INFO]: ChromeDriver supports communication with Chrome via pipes. This is more reliable and more secure.
[1768299687.840][INFO]: Use the --remote-debugging-pipe Chrome switch instead of the default --remote-debugging-port to enable this communication mode.
[1768299687.841][INFO]: Launching chrome: "C:\Program Files\Google\Chrome\Application\chrome.exe" --allow-pre-commit-input --disable-background-networking --disable-backgrounding-occluded-windows --disable-client-side-phishing-detection --disable-default-apps --disable-features=IgnoreDuplicateNavs,Prewarm --disable-hang-monitor --disable-popup-blocking --disable-prompt-on-repost --disable-sync --enable-automation --enable-logging --log-level=0 --no-first-run --no-service-autorun --password-store=basic --remote-allow-origins=* --remote-debugging-port=0 --test-type=webdriver --use-mock-keychain --user-data-dir="C:\Users\aksha\AppData\Local\Temp\scoped_dir13960_78178246" data:,
[1768299688.367][INFO]: resolved localhost to ["::1","127.0.0.1"]
[1768299688.376][INFO]: [51b85852c79e7d69cf81efaccfea798a] RESPONSE InitSession {
   "capabilities": {
      "acceptInsecureCerts": false,
      "browserName": "chrome",
      "browserVersion": "143.0.7499.170",
      "chrome": {
         "chromedriverVersion": "143.0.7499.192 (be2c1f4fd451578a9ada68a0ac12d659362b44bf-refs/branch-heads/7499@{#4083})",
         "userDataDir": "C:\\Users\\aksha\\AppData\\Local\\Temp\\scoped_dir13960_78178246"
      },
      "fedcm:accounts": true,
      "goog:chromeOptions": {
         "debuggerAddress": "localhost:59277"
      },
      "goog:processID": 2020,
      "networkConnectionEnabled": false,
      "pageLoadStrategy": "normal",
      "platformName": "windows",
      "proxy": {
      },
      "setWindowRect": true,
      "strictFileInteractability": false,
      "timeouts": {
         "implicit": 0,
         "pageLoad": 300000,
         "script": 30000
      },
      "unhandledPromptBehavior": "dismiss and notify",
      "webauthn:extension:credBlob": true,
      "webauthn:extension:largeBlob": true,
      "webauthn:extension:minPinLength": true,
      "webauthn:extension:prf": true,
      "~~~": "..."
   },
   "sessionId": "51b85852c79e7d69cf81efaccfea798a"
}
[1768299688.517][INFO]: [51b85852c79e7d69cf81efaccfea798a] COMMAND MaximizeWindow {
}
[1768299688.517][INFO]: Waiting for pending navigations...
[1768299688.539][INFO]: Done waiting for pending navigations. Status: ok
[1768299688.582][INFO]: Waiting for pending navigations...
[1768299688.583][INFO]: Done waiting for pending navigations. Status: ok
[1768299688.583][INFO]: [51b85852c79e7d69cf81efaccfea798a] RESPONSE MaximizeWindow {
   "height": 688,
   "width": 1296,
   "x": -7,
   "y": -7
}
[1768299688.603][INFO]: [51b85852c79e7d69cf81efaccfea798a] COMMAND Navigate {
   "url": "https://docs.google.com/forms/d/e/1FAIpQLSep9LTMntH5YqIXa5nkiPKSs283kdwitBBhXWyZdAS-e4CxBQ/viewform"
}
[1768299688.603][INFO]: Waiting for pending navigations...
[1768299688.603][INFO]: Done waiting for pending navigations. Status: ok
[1768299689.374][INFO]: Waiting for pending navigations...
[1768299689.984][INFO]: Done waiting for pending navigations. Status: ok
[1768299689.985][INFO]: [51b85852c79e7d69cf81efaccfea798a] RESPONSE Navigate
[1768299691.992][INFO]: [51b85852c79e7d69cf81efaccfea798a] COMMAND FindElement {
   "using": "xpath",
   "value": "(//input[@type='text'])[1]"
}
[1768299691.992][INFO]: Waiting for pending navigations...
[1768299691.993][INFO]: Done waiting for pending navigations. Status: ok
[1768299692.031][INFO]: Waiting for pending navigations...
[1768299692.041][INFO]: Done waiting for pending navigations. Status: ok
[1768299692.041][INFO]: [51b85852c79e7d69cf81efaccfea798a] RESPONSE FindElement {
   "element-6066-11e4-a52e-4f735466cecf": "f.FF55771958B2683257D5C0DA48A60AD6.d.CE5959C2D3C53415E5D9E4FD1B578B80.e.4"
}
[1768299692.050][INFO]: [51b85852c79e7d69cf81efaccfea798a] COMMAND ClearElement {
   "id": "f.FF55771958B2683257D5C0DA48A60AD6.d.CE5959C2D3C53415E5D9E4FD1B578B80.e.4"
}
[1768299692.050][INFO]: Waiting for pending navigations...
[1768299692.054][INFO]: Done waiting for pending navigations. Status: ok
[1768299692.098][INFO]: 
	=== NOTE: ===
	The Clear command in ChromeDriver 2.43 and above
	has been updated to conform to the current standard,
	including raising blur event after clearing.

[1768299692.117][INFO]: Waiting for pending navigations...
[1768299692.118][INFO]: Done waiting for pending navigations. Status: ok
[1768299692.118][INFO]: [51b85852c79e7d69cf81efaccfea798a] RESPONSE ClearElement
[1768299692.123][INFO]: [51b85852c79e7d69cf81efaccfea798a] COMMAND TypeElement {
   "id": "f.FF55771958B2683257D5C0DA48A60AD6.d.CE5959C2D3C53415E5D9E4FD1B578B80.e.4",
   "text": "Crio Learner",
   "value": [ "C", "r", "i", "o", " ", "L", "e", "a", "r", "n", "e", "r" ]
}
[1768299692.123][INFO]: Waiting for pending navigations...
[1768299692.124][INFO]: Done waiting for pending navigations. Status: ok
[1768299692.243][INFO]: Waiting for pending navigations...
[1768299692.245][INFO]: Done waiting for pending navigations. Status: ok
[1768299692.245][INFO]: [51b85852c79e7d69cf81efaccfea798a] RESPONSE TypeElement
[1768299694.260][INFO]: [51b85852c79e7d69cf81efaccfea798a] COMMAND FindElement {
   "using": "xpath",
   "value": "//textarea[@aria-label='Your answer']"
}
[1768299694.260][INFO]: Waiting for pending navigations...
[1768299694.261][INFO]: Done waiting for pending navigations. Status: ok
[1768299694.271][INFO]: Waiting for pending navigations...
[1768299694.272][INFO]: Done waiting for pending navigations. Status: ok
[1768299694.272][INFO]: [51b85852c79e7d69cf81efaccfea798a] RESPONSE FindElement {
   "element-6066-11e4-a52e-4f735466cecf": "f.FF55771958B2683257D5C0DA48A60AD6.d.CE5959C2D3C53415E5D9E4FD1B578B80.e.5"
}
[1768299694.283][INFO]: [51b85852c79e7d69cf81efaccfea798a] COMMAND ExecuteScript {
   "args": [ {
      "element-6066-11e4-a52e-4f735466cecf": "f.FF55771958B2683257D5C0DA48A60AD6.d.CE5959C2D3C53415E5D9E4FD1B578B80.e.5"
   } ],
   "script": "/* isDisplayed */return (function(){return (function(){var h=this||self;\nfunction aa(a){var b=typeof a;if(\"object\"==b)if(a){if(a instanceof Array)return\"array\";if(a instanceof Object)return b;var c=Object.prototype.toString.call(a);if(\"[object Window]\"==c)return\"object\";if(\"[object Array]\"==c||\"number\"==typeof a.length&&\"undefined\"!=typeof a.splice&&\"undefined\"!=typeof a.propertyIsEnumerable&&!a.propertyIsEnumerable(\"splice\"))return\"array\";if(\"[object Function]\"==c||\"undefined\"!=typeof a.call&&\"undefined\"!=typeof a.propertyIsEnumerable&&!a.propertyIsEnumerable(\"call\"))return\"function\"}else return\"null\";else if(\"function\"==\nb&&\"undefined\"==typeof a.call)return\"object\";return b}function ca(a,b){function c(){}c.prototype=b.prototype;a.prototype=new c;a.prototype.constructor=a};var da=Array.prototype.indexOf?function(a,b){return Array.prototype.indexOf.call(a,b,void 0)}:function(a,b){if(\"string\"===typeof a)return\"string\"!==typeof b||1!=b.length?-1:a.indexOf(b,0);for(var c=0;c\u003Ca.length;c++)if(c in a&&a[c]===b)return c;return-1},ea=Array.prototype.some?function(a,b){return Array.prototype.some.call(a,b,void 0)}:function(a,b){for(var c=a.length,e=\"string\"===typeof a?a.split(\"\"):a,d=0;d\u003Cc;d++)if(d in e&&b.call(void 0,e[d],d,a))return!0;return!1},fa=Array.prototype.every?function(a,\nb){return Array.prototype.every.call(a,b,void 0)}:function(a,b){for(var c=a.length,e=\"string\"===typeof a?a.split(\"\"):a,d=0;d\u003Cc;d++)if(d in e&&!b.call(void 0,e[d],d,a))return!1;return!0};var ha={aliceblue:\"#f0f8ff\",antiquewhite:\"#faebd7\",aqua:\"#00ffff\",aquamarine:\"#7fffd4\",azure:\"#f0ffff\",beige:\"#f5f5dc\",bisque:\"#ffe4c4\",black:\"#000000\",blanchedalmond:\"#ffebcd\",blue:\"#0000ff\",blueviolet:\"#8a2be2\",brown:\"#a52a2a\",burlywood:\"#deb887\",cadetblue:\"#5f9ea0\",chartreuse:\"#7fff00\",chocolate:\"#d2691e\",coral:\"#ff7f50\",cornflowerblue:\"#6495ed\",cornsilk:\"#fff8dc\",crimson:\"#dc143c\",cyan:\"#00ffff\",darkblue:\"#00008b\",darkcyan:\"#008b8b\",darkgoldenrod:\"#b8860b\",darkgray:\"#a9a9a9\",darkgreen:\"#006400\",\ndarkgrey:\"#a9a9a9\",darkkhaki:\"#bdb76b\",darkmagenta:\"#8b008b\",darkolivegreen:\"#556b2f\",darkorange:\"#ff8c00\",darkorchid:\"#9932cc\",darkred:\"#8b0000\",darksalmon:\"#e9967a\",darkseagreen:\"#8fbc8f\",darkslateblue:\"#483d8b\",darkslategray:\"#2f4f4f\",darkslategrey:\"#2f4f4f\",darkturquoise:\"#00ced1\",darkviolet:\"#9400d3\",deeppink:\"#ff1493\",deepskyblue:\"#00bfff\",dimgray:\"#696969\",dimgrey:\"#696969\",dodgerblue:\"#1e90ff\",firebrick:\"#b22222\",floralwhite:\"#fffaf0\",forestgreen:\"#228b22\",fuchsia:\"#ff00ff\",gainsboro:\"#dcdcdc\",\nghostwhite:\"#f8f8ff\",gold:\"#ffd700\",goldenrod:\"#daa520\",gray:\"#808080\",green:\"#008000\",greenyellow:\"#adff2f\",grey:\"#808080\",honeydew:\"#f0fff0\",hotpink:\"#ff69b4\",indianred:\"#cd5c5c\",indigo:\"#4b0082\",ivory:\"#fffff0\",khaki:\"#f0e68c\",lavender:\"#e6e6fa\",lavenderblush:\"#fff0f5\",lawngreen:\"#7cfc00\",lemonchiffon:\"#fffacd\",lightblue:\"#add8e6\",lightcoral:\"#f08080\",lightcyan:\"#e0ffff\",lightgoldenrodyellow:\"#fafad2\",lightgray:\"#d3d3d3\",lightgreen:\"#90ee90\",lightgrey:\"#d3d3d3\",lightpink:\"#ffb6c1\",lightsalmon:\"#ffa07a\",\nlightseagreen:\"#20b2aa\",lightskyblue:\"#87cefa\",lightslategray:\"#778899\",lightslategrey:\"#778899\",lightsteelblue:\"#b0c4de\",lightyellow:\"#ffffe0\",lime:\"#00ff00\",limegreen:\"#32cd32\",linen:\"#faf0e6\",magenta:\"#ff00ff\",maroon:\"#800000\",mediumaquamarine:\"#66cdaa\",mediumblue:\"#0000cd\",mediumorchid:\"#ba55d3\",mediumpurple:\"#9370db\",mediumseagreen:\"#3cb371\",mediumslateblue:\"#7b68ee\",mediumspringgreen:\"#00fa9a\",mediumturquoise:\"#48d1cc\",mediumvioletred:\"#c71585\",midnightblue:\"#191970\",mintcream:\"#f5fffa\",mistyrose:\"#ffe4e1\",\nmoccasin:\"#ffe4b5\",navajowhite:\"#ffdead\",navy:\"#000080\",oldlace:\"#fdf5e6\",olive:\"#808000\",olivedrab:\"#6b8e23\",orange:\"#ffa500\",orangered:\"#ff4500\",orchid:\"#da70d6\",palegoldenrod:\"#eee8aa\",palegreen:\"#98fb98\",paleturquoise:\"#afeeee\",palevioletred:\"#db7093\",papayawhip:\"#ffefd5\",peachpuff:\"#ffdab9\",peru:\"#cd853f\",pink:\"#ffc0cb\",plum:\"#dda0dd\",powderblue:\"#b0e0e6\",purple:\"#800080\",red:\"#ff0000\",rosybrown:\"#bc8f8f\",royalblue:\"#4169e1\",saddlebrown:\"#8b4513\",salmon:\"#fa8072\",sandybrown:\"#f4a460\",seagreen:\"#2e8b57\",\nseashell:\"#fff5ee\",sienna:\"#a0522d\",silver:\"#c0c0c0\",skyblue:\"#87ceeb\",slateblue:\"#6a5acd\",slategray:\"#708090\",slategrey:\"#708090\",snow:\"#fffafa\",springgreen:\"#00ff7f\",steelblue:\"#4682b4\",tan:\"#d2b48c\",teal:\"#008080\",thistle:\"#d8bfd8\",tomato:\"#ff6347\",turquoise:\"#40e0d0\",violet:\"#ee82ee\",wheat:\"#f5deb3\",white:\"#ffffff\",whitesmoke:\"#f5f5f5\",yellow:\"#ffff00\",yellowgreen:\"#9acd32\"};var ia=\"backgroundColor borderTopColor borderRightColor borderBottomColor borderLeftColor color outlineColor\".split(\" \"),ja=/#([0-9a-fA-F])([0-9a-fA-F])([0-9a-fA-F])/,ka=/^#(?:[0-9a-f]{3}){1,2}$/i,la=/^(?:rgba)?\\((\\d{1,3}),\\s?(\\d{1,3}),\\s?(\\d{1,3}),\\s?(0|1|0\\.\\d*)\\)$/i,ma=/^(?:rgb)?\\((0|[1-9]\\d{0,2}),\\s?(0|[1-9]\\d{0,2}),\\s?(0|[1-9]\\d{0,2})\\)$/i;function m(a,b){this.code=a;this.a=p[a]||q;this.message=b||\"\";a=this.a.replace(/((?:^|\\s+)[a-z])/g,function(c){return c.toUpperCase().replace(/^[\\s\\xa0]+/g,\"\")});b=a.length-5;if(0>b||a.indexOf(\"Error\",b)!=b)a+=\"Error\";this.name=a;a=Error(this.message);a.name=this.name;this.stack=a.stack||\"\"}ca(m,Error);var q=\"unknown error\",p={15:\"element not selectable\",11:\"element not visible\"};p[31]=q;p[30]=q;p[24]=\"invalid cookie domain\";p[29]=\"invalid element coordinates\";p[12]=\"invalid element state\";\np[32]=\"invalid selector\";p[51]=\"invalid selector\";p[52]=\"invalid selector\";p[17]=\"javascript error\";p[405]=\"unsupported operation\";p[34]=\"move target out of bounds\";p[27]=\"no such alert\";p[7]=\"no such element\";p[8]=\"no such frame\";p[23]=\"no such window\";p[28]=\"script timeout\";p[33]=\"session not created\";p[10]=\"stale element reference\";p[21]=\"timeout\";p[25]=\"unable to set cookie\";p[26]=\"unexpected alert open\";p[13]=q;p[9]=\"unknown command\";var u=String.prototype.trim?function(a){return a.trim()}:function(a){return/^[\\s\\xa0]*([\\s\\S]*?)[\\s\\xa0]*$/.exec(a)[1]};\nfunction na(a,b){var c=0;a=u(String(a)).split(\".\");b=u(String(b)).split(\".\");for(var e=Math.max(a.length,b.length),d=0;0==c&&d\u003Ce;d++){var f=a[d]||\"\",g=b[d]||\"\";do{f=/(\\d*)(\\D*)(.*)/.exec(f)||[\"\",\"\",\"\",\"\"];g=/(\\d*)(\\D*)(.*)/.exec(g)||[\"\",\"\",\"\",\"\"];if(0==f[0].length&&0==g[0].length)break;c=v(0==f[1].length?0:parseInt(f[1],10),0==g[1].length?0:parseInt(g[1],10))||v(0==f[2].length,0==g[2].length)||v(f[2],g[2]);f=f[3];g=g[3]}while(0==c)}return c}function v(a,b){return a\u003Cb?-1:a>b?1:0};var w;a:{var oa=h.navigator;if(oa){var sa=oa.userAgent;if(sa){w=sa;break a}}w=\"\"}function x(a){return-1!=w.indexOf(a)};function y(){return x(\"Firefox\")||x(\"FxiOS\")}function A(){return(x(\"Chrome\")||x(\"CriOS\"))&&!x(\"Edge\")};function ta(a){return String(a).replace(/\\-([a-z])/g,function(b,c){return c.toUpperCase()})};function B(){return x(\"iPhone\")&&!x(\"iPod\")&&!x(\"iPad\")};function ua(a,b){var c=va;return Object.prototype.hasOwnProperty.call(c,a)?c[a]:c[a]=b(a)};var wa=x(\"Opera\"),C=x(\"Trident\")||x(\"MSIE\"),xa=x(\"Edge\"),ya=x(\"Gecko\")&&!(-1!=w.toLowerCase().indexOf(\"webkit\")&&!x(\"Edge\"))&&!(x(\"Trident\")||x(\"MSIE\"))&&!x(\"Edge\"),za=-1!=w.toLowerCase().indexOf(\"webkit\")&&!x(\"Edge\");function Aa(){var a=h.document;return a?a.documentMode:void 0}var E;\na:{var F=\"\",G=function(){var a=w;if(ya)return/rv:([^\\);]+)(\\)|;)/.exec(a);if(xa)return/Edge\\/([\\d\\.]+)/.exec(a);if(C)return/\\b(?:MSIE|rv)[: ]([^\\);]+)(\\)|;)/.exec(a);if(za)return/WebKit\\/(\\S+)/.exec(a);if(wa)return/(?:Version)[ \\/]?(\\S+)/.exec(a)}();G&&(F=G?G[1]:\"\");if(C){var H=Aa();if(null!=H&&H>parseFloat(F)){E=String(H);break a}}E=F}var va={};function Ba(a){return ua(a,function(){return 0\u003C=na(E,a)})}var I;I=h.document&&C?Aa():void 0;var Ca=y(),Da=B()||x(\"iPod\"),Ea=x(\"iPad\"),Fa=x(\"Android\")&&!(A()||y()||x(\"Opera\")||x(\"Silk\")),Ga=A(),Ha=x(\"Safari\")&&!(A()||x(\"Coast\")||x(\"Opera\")||x(\"Edge\")||x(\"Edg/\")||x(\"OPR\")||y()||x(\"Silk\")||x(\"Android\"))&&!(B()||x(\"iPad\")||x(\"iPod\"));function J(a){return(a=a.exec(w))?a[1]:\"\"}(function(){if(Ca)return J(/Firefox\\/([0-9.]+)/);if(C||xa||wa)return E;if(Ga)return B()||x(\"iPad\")||x(\"iPod\")?J(/CriOS\\/([0-9.]+)/):J(/Chrome\\/([0-9.]+)/);if(Ha&&!(B()||x(\"iPad\")||x(\"iPod\")))return J(/Version\\/([0-9.]+)/);if(Da||Ea){var a=/Version\\/(\\S+).*Mobile\\/(\\S+)/.exec(w);if(a)return a[1]+\".\"+a[2]}else if(Fa)return(a=J(/Android\\s+([0-9.]+)/))?a:J(/Version\\/([0-9.]+)/);return\"\"})();var K;if(K=C)K=!(9\u003C=Number(I));var Ia=K;function L(a,b){this.x=void 0!==a?a:0;this.y=void 0!==b?b:0}L.prototype.ceil=function(){this.x=Math.ceil(this.x);this.y=Math.ceil(this.y);return this};L.prototype.floor=function(){this.x=Math.floor(this.x);this.y=Math.floor(this.y);return this};L.prototype.round=function(){this.x=Math.round(this.x);this.y=Math.round(this.y);return this};function M(a,b){this.width=a;this.height=b}M.prototype.aspectRatio=function(){return this.width/this.height};M.prototype.ceil=function(){this.width=Math.ceil(this.width);this.height=Math.ceil(this.height);return this};M.prototype.floor=function(){this.width=Math.floor(this.width);this.height=Math.floor(this.height);return this};M.prototype.round=function(){this.width=Math.round(this.width);this.height=Math.round(this.height);return this};function N(a){return 9==a.nodeType?a:a.ownerDocument||a.document}function Ja(a,b){a&&(a=a.parentNode);for(var c=0;a;){if(b(a))return a;a=a.parentNode;c++}return null}function Ka(a){this.a=a||h.document||document};function P(a,b){b&&\"string\"!==typeof b&&(b=b.toString());return a instanceof HTMLFormElement?!!a&&1==a.nodeType&&(!b||\"FORM\"==b):!!a&&1==a.nodeType&&(!b||a.tagName.toUpperCase()==b)};function Q(a,b,c,e){this.f=a;this.a=b;this.b=c;this.c=e}Q.prototype.ceil=function(){this.f=Math.ceil(this.f);this.a=Math.ceil(this.a);this.b=Math.ceil(this.b);this.c=Math.ceil(this.c);return this};Q.prototype.floor=function(){this.f=Math.floor(this.f);this.a=Math.floor(this.a);this.b=Math.floor(this.b);this.c=Math.floor(this.c);return this};Q.prototype.round=function(){this.f=Math.round(this.f);this.a=Math.round(this.a);this.b=Math.round(this.b);this.c=Math.round(this.c);return this};function R(a,b,c,e){this.a=a;this.b=b;this.width=c;this.height=e}R.prototype.ceil=function(){this.a=Math.ceil(this.a);this.b=Math.ceil(this.b);this.width=Math.ceil(this.width);this.height=Math.ceil(this.height);return this};R.prototype.floor=function(){this.a=Math.floor(this.a);this.b=Math.floor(this.b);this.width=Math.floor(this.width);this.height=Math.floor(this.height);return this};\nR.prototype.round=function(){this.a=Math.round(this.a);this.b=Math.round(this.b);this.width=Math.round(this.width);this.height=Math.round(this.height);return this};var La=\"function\"===typeof ShadowRoot;function S(a){for(a=a.parentNode;a&&1!=a.nodeType&&9!=a.nodeType&&11!=a.nodeType;)a=a.parentNode;return P(a)?a:null}\nfunction T(a,b){b=ta(b);if(\"float\"==b||\"cssFloat\"==b||\"styleFloat\"==b)b=Ia?\"styleFloat\":\"cssFloat\";a:{var c=b;var e=N(a);if(e.defaultView&&e.defaultView.getComputedStyle&&(e=e.defaultView.getComputedStyle(a,null))){c=e[c]||e.getPropertyValue(c)||\"\";break a}c=\"\"}a=c||Ma(a,b);if(null===a)a=null;else if(0\u003C=da(ia,b)){b:{var d=a.match(la);if(d&&(b=Number(d[1]),c=Number(d[2]),e=Number(d[3]),d=Number(d[4]),0\u003C=b&&255>=b&&0\u003C=c&&255>=c&&0\u003C=e&&255>=e&&0\u003C=d&&1>=d)){b=[b,c,e,d];break b}b=null}if(!b)b:{if(e=a.match(ma))if(b=\nNumber(e[1]),c=Number(e[2]),e=Number(e[3]),0\u003C=b&&255>=b&&0\u003C=c&&255>=c&&0\u003C=e&&255>=e){b=[b,c,e,1];break b}b=null}if(!b)b:{b=a.toLowerCase();c=ha[b.toLowerCase()];if(!c&&(c=\"#\"==b.charAt(0)?b:\"#\"+b,4==c.length&&(c=c.replace(ja,\"#$1$1$2$2$3$3\")),!ka.test(c))){b=null;break b}b=[parseInt(c.substr(1,2),16),parseInt(c.substr(3,2),16),parseInt(c.substr(5,2),16),1]}a=b?\"rgba(\"+b.join(\", \")+\")\":a}return a}\nfunction Ma(a,b){var c=a.currentStyle||a.style,e=c[b];void 0===e&&\"function\"==aa(c.getPropertyValue)&&(e=c.getPropertyValue(b));return\"inherit\"!=e?void 0!==e?e:null:(a=S(a))?Ma(a,b):null}\nfunction U(a,b,c){function e(g){var n=V(g);if(0\u003Cn.height&&0\u003Cn.width)return!0;if(P(g,\"PATH\")&&(0\u003Cn.height||0\u003Cn.width))return g=T(g,\"stroke-width\"),!!g&&0\u003CparseInt(g,10);n=T(g,\"visibility\");return\"collapse\"!=n&&\"hidden\"!=n&&c(g)?\"hidden\"!=T(g,\"overflow\")&&ea(g.childNodes,function(D){return 3==D.nodeType||P(D)&&e(D)}):!1}function d(g){return Na(g)==W&&fa(g.childNodes,function(n){return!P(n)||d(n)||!e(n)})}if(!P(a))throw Error(\"Argument to isShown must be of type Element\");if(P(a,\"BODY\"))return!0;if(P(a,\n\"OPTION\")||P(a,\"OPTGROUP\"))return a=Ja(a,function(g){return P(g,\"SELECT\")}),!!a&&U(a,!0,c);var f=Oa(a);if(f)return!!f.image&&0\u003Cf.rect.width&&0\u003Cf.rect.height&&U(f.image,b,c);if(P(a,\"INPUT\")&&\"hidden\"==a.type.toLowerCase()||P(a,\"NOSCRIPT\"))return!1;f=T(a,\"visibility\");return\"collapse\"!=f&&\"hidden\"!=f&&c(a)&&(b||0!=Pa(a))&&e(a)?!d(a):!1}var W=\"hidden\";\nfunction Na(a){function b(k){function l(ba){if(ba==g)return!0;var pa=T(ba,\"display\");return 0==pa.lastIndexOf(\"inline\",0)||\"contents\"==pa||\"absolute\"==qa&&\"static\"==T(ba,\"position\")?!1:!0}var qa=T(k,\"position\");if(\"fixed\"==qa)return ra=!0,k==g?null:g;for(k=S(k);k&&!l(k);)k=S(k);return k}function c(k){var l=k;if(\"visible\"==D)if(k==g&&n)l=n;else if(k==n)return{x:\"visible\",y:\"visible\"};l={x:T(l,\"overflow-x\"),y:T(l,\"overflow-y\")};k==g&&(l.x=\"visible\"==l.x?\"auto\":l.x,l.y=\"visible\"==l.y?\"auto\":l.y);return l}\nfunction e(k){if(k==g){var l=(new Ka(f)).a;k=l.scrollingElement?l.scrollingElement:za||\"CSS1Compat\"!=l.compatMode?l.body||l.documentElement:l.documentElement;l=l.parentWindow||l.defaultView;k=C&&Ba(\"10\")&&l.pageYOffset!=k.scrollTop?new L(k.scrollLeft,k.scrollTop):new L(l.pageXOffset||k.scrollLeft,l.pageYOffset||k.scrollTop)}else k=new L(k.scrollLeft,k.scrollTop);return k}var d=Qa(a),f=N(a),g=f.documentElement,n=f.body,D=T(g,\"overflow\"),ra;for(a=b(a);a;a=b(a)){var r=c(a);if(\"visible\"!=r.x||\"visible\"!=\nr.y){var t=V(a);if(0==t.width||0==t.height)return W;var z=d.a\u003Ct.a,O=d.b\u003Ct.b;if(z&&\"hidden\"==r.x||O&&\"hidden\"==r.y)return W;if(z&&\"visible\"!=r.x||O&&\"visible\"!=r.y){z=e(a);O=d.b\u003Ct.b-z.y;if(d.a\u003Ct.a-z.x&&\"visible\"!=r.x||O&&\"visible\"!=r.x)return W;d=Na(a);return d==W?W:\"scroll\"}z=d.c>=t.a+t.width;t=d.f>=t.b+t.height;if(z&&\"hidden\"==r.x||t&&\"hidden\"==r.y)return W;if(z&&\"visible\"!=r.x||t&&\"visible\"!=r.y){if(ra&&(r=e(a),d.c>=g.scrollWidth-r.x||d.a>=g.scrollHeight-r.y))return W;d=Na(a);return d==W?W:\"scroll\"}}}return\"none\"}\nfunction V(a){var b=Oa(a);if(b)return b.rect;if(P(a,\"HTML\"))return a=N(a),a=((a?a.parentWindow||a.defaultView:window)||window).document,a=\"CSS1Compat\"==a.compatMode?a.documentElement:a.body,a=new M(a.clientWidth,a.clientHeight),new R(0,0,a.width,a.height);try{var c=a.getBoundingClientRect()}catch(e){return new R(0,0,0,0)}b=new R(c.left,c.top,c.right-c.left,c.bottom-c.top);C&&a.ownerDocument.body&&(a=N(a),b.a-=a.documentElement.clientLeft+a.body.clientLeft,b.b-=a.documentElement.clientTop+a.body.clientTop);\nreturn b}\nfunction Oa(a){var b=P(a,\"MAP\");if(!b&&!P(a,\"AREA\"))return null;var c=b?a:P(a.parentNode,\"MAP\")?a.parentNode:null,e=null,d=null;if(c&&c.name){e='*[usemap=\"#'+c.name+'\"]';c=N(c);var f;if(f=\"function\"!=aa(c.querySelector)&&C&&(C?0\u003C=na(I,8):Ba(8))){f=c.querySelector;var g=typeof f;f=!(\"object\"==g&&null!=f||\"function\"==g)}if(f)throw Error(\"CSS selection is not supported\");if(!e)throw new m(32,\"No selector specified\");e=u(e);try{var n=c.querySelector(e)}catch(D){throw new m(32,\"An invalid or illegal selector was specified\");}if(e=\nn&&1==n.nodeType?n:null)d=V(e),b||\"default\"==a.shape.toLowerCase()||(a=Ra(a),b=Math.min(Math.max(a.a,0),d.width),n=Math.min(Math.max(a.b,0),d.height),d=new R(b+d.a,n+d.b,Math.min(a.width,d.width-b),Math.min(a.height,d.height-n)))}return{image:e,rect:d||new R(0,0,0,0)}}\nfunction Ra(a){var b=a.shape.toLowerCase();a=a.coords.split(\",\");if(\"rect\"==b&&4==a.length){b=a[0];var c=a[1];return new R(b,c,a[2]-b,a[3]-c)}if(\"circle\"==b&&3==a.length)return b=a[2],new R(a[0]-b,a[1]-b,2*b,2*b);if(\"poly\"==b&&2\u003Ca.length){b=a[0];c=a[1];for(var e=b,d=c,f=2;f+1\u003Ca.length;f+=2)b=Math.min(b,a[f]),e=Math.max(e,a[f]),c=Math.min(c,a[f+1]),d=Math.max(d,a[f+1]);return new R(b,c,e-b,d-c)}return new R(0,0,0,0)}function Qa(a){a=V(a);return new Q(a.b,a.a+a.width,a.b+a.height,a.a)}\nfunction Pa(a){if(Ia){if(\"relative\"==T(a,\"position\"))return 1;a=T(a,\"filter\");return(a=a.match(/^alpha\\(opacity=(\\d*)\\)/)||a.match(/^progid:DXImageTransform.Microsoft.Alpha\\(Opacity=(\\d*)\\)/))?Number(a[1])/100:1}return Sa(a)}function Sa(a){var b=1,c=T(a,\"opacity\");c&&(b=Number(c));(a=S(a))&&(b*=Sa(a));return b};function Ta(a,b){function c(e){if(P(e)&&(\"none\"==T(e,\"display\")||\"hidden\"==T(e,\"content-visibility\")))return!1;var d;if((d=e.parentNode)&&d.shadowRoot&&void 0!==e.assignedSlot)d=e.assignedSlot?e.assignedSlot.parentNode:null;else if(e.getDestinationInsertionPoints){var f=e.getDestinationInsertionPoints();0\u003Cf.length&&(d=f[f.length-1])}if(La&&d instanceof ShadowRoot){if(d.host.shadowRoot&&d.host.shadowRoot!==d)return!1;d=d.host}return!d||9!=d.nodeType&&11!=d.nodeType?d&&P(d,\"DETAILS\")&&!d.open&&!P(e,\n\"SUMMARY\")?!1:!!d&&c(d):!0}return U(a,!!b,c)}var X=[\"se_exportedFunctionSymbol\"],Y=h;X[0]in Y||\"undefined\"==typeof Y.execScript||Y.execScript(\"var \"+X[0]);for(var Z;X.length&&(Z=X.shift());)X.length||void 0===Ta?Y[Z]&&Y[Z]!==Object.prototype[Z]?Y=Y[Z]:Y=Y[Z]={}:Y[Z]=Ta;; return this.se_exportedFunctionSymbol.apply(null,arguments);}).apply(window, arguments);}\n).apply(null, arguments);"
}
[1768299694.284][INFO]: Waiting for pending navigations...
[1768299694.284][INFO]: Done waiting for pending navigations. Status: ok
[1768299694.292][INFO]: Waiting for pending navigations...
[1768299694.294][INFO]: Done waiting for pending navigations. Status: ok
[1768299694.294][INFO]: [51b85852c79e7d69cf81efaccfea798a] RESPONSE ExecuteScript true
[1768299694.297][INFO]: [51b85852c79e7d69cf81efaccfea798a] COMMAND IsElementEnabled {
   "id": "f.FF55771958B2683257D5C0DA48A60AD6.d.CE5959C2D3C53415E5D9E4FD1B578B80.e.5"
}
[1768299694.297][INFO]: Waiting for pending navigations...
[1768299694.298][INFO]: Done waiting for pending navigations. Status: ok
[1768299694.304][INFO]: Waiting for pending navigations...
[1768299694.305][INFO]: Done waiting for pending navigations. Status: ok
[1768299694.305][INFO]: [51b85852c79e7d69cf81efaccfea798a] RESPONSE IsElementEnabled true
[1768299694.309][INFO]: [51b85852c79e7d69cf81efaccfea798a] COMMAND ExecuteScript {
   "args": [ {
      "element-6066-11e4-a52e-4f735466cecf": "f.FF55771958B2683257D5C0DA48A60AD6.d.CE5959C2D3C53415E5D9E4FD1B578B80.e.5"
   } ],
   "script": "arguments[0].scrollIntoView(true);"
}
[1768299694.309][INFO]: Waiting for pending navigations...
[1768299694.310][INFO]: Done waiting for pending navigations. Status: ok
[1768299694.314][INFO]: Waiting for pending navigations...
[1768299694.315][INFO]: Done waiting for pending navigations. Status: ok
[1768299694.315][INFO]: [51b85852c79e7d69cf81efaccfea798a] RESPONSE ExecuteScript null
[1768299694.319][INFO]: [51b85852c79e7d69cf81efaccfea798a] COMMAND ClickElement {
   "id": "f.FF55771958B2683257D5C0DA48A60AD6.d.CE5959C2D3C53415E5D9E4FD1B578B80.e.5"
}
[1768299694.319][INFO]: Waiting for pending navigations...
[1768299694.320][INFO]: Done waiting for pending navigations. Status: ok
[1768299694.379][INFO]: Waiting for pending navigations...
[1768299694.381][INFO]: Done waiting for pending navigations. Status: ok
[1768299694.381][INFO]: [51b85852c79e7d69cf81efaccfea798a] RESPONSE ClickElement
[1768299694.383][INFO]: [51b85852c79e7d69cf81efaccfea798a] COMMAND ClearElement {
   "id": "f.FF55771958B2683257D5C0DA48A60AD6.d.CE5959C2D3C53415E5D9E4FD1B578B80.e.5"
}
[1768299694.384][INFO]: Waiting for pending navigations...
[1768299694.384][INFO]: Done waiting for pending navigations. Status: ok
[1768299694.400][INFO]: Waiting for pending navigations...
[1768299694.401][INFO]: Done waiting for pending navigations. Status: ok
[1768299694.401][INFO]: [51b85852c79e7d69cf81efaccfea798a] RESPONSE ClearElement
[1768299694.404][INFO]: [51b85852c79e7d69cf81efaccfea798a] COMMAND TypeElement {
   "id": "f.FF55771958B2683257D5C0DA48A60AD6.d.CE5959C2D3C53415E5D9E4FD1B578B80.e.5",
   "text": "I want to be the best QA Engineer! 1768299694257",
   "value": [ "I", " ", "w", "a", "n", "t", " ", "t", "o", " ", "b", "e", " ", "t", "h", "e", " ", "b", "e", "s", "t", " ", "Q", "A", " ", "E", "n", "g", "i", "n", "e", "e", "r", "!", " ", "1", "7", "6", "8", "2", "9", "9", "6", "9", "4", "2", "5", "7" ]
}
[1768299694.404][INFO]: Waiting for pending navigations...
[1768299694.404][INFO]: Done waiting for pending navigations. Status: ok
[1768299694.627][INFO]: Waiting for pending navigations...
[1768299694.631][INFO]: Done waiting for pending navigations. Status: ok
[1768299694.631][INFO]: [51b85852c79e7d69cf81efaccfea798a] RESPONSE TypeElement
[1768299696.638][INFO]: [51b85852c79e7d69cf81efaccfea798a] COMMAND FindElement {
   "using": "xpath",
   "value": "//div[@class='SG0AAe']//span[contains(text(),'3 - 5')]"
}
[1768299696.638][INFO]: Waiting for pending navigations...
[1768299696.639][INFO]: Done waiting for pending navigations. Status: ok
[1768299696.657][INFO]: Waiting for pending navigations...
[1768299696.659][INFO]: Done waiting for pending navigations. Status: ok
[1768299696.659][INFO]: [51b85852c79e7d69cf81efaccfea798a] RESPONSE FindElement {
   "element-6066-11e4-a52e-4f735466cecf": "f.FF55771958B2683257D5C0DA48A60AD6.d.CE5959C2D3C53415E5D9E4FD1B578B80.e.26"
}
[1768299696.663][INFO]: [51b85852c79e7d69cf81efaccfea798a] COMMAND ClickElement {
   "id": "f.FF55771958B2683257D5C0DA48A60AD6.d.CE5959C2D3C53415E5D9E4FD1B578B80.e.26"
}
[1768299696.663][INFO]: Waiting for pending navigations...
[1768299696.664][INFO]: Done waiting for pending navigations. Status: ok
[1768299696.778][INFO]: Waiting for pending navigations...
[1768299696.782][INFO]: Done waiting for pending navigations. Status: ok
[1768299696.782][INFO]: [51b85852c79e7d69cf81efaccfea798a] RESPONSE ClickElement
[1768299698.797][INFO]: [51b85852c79e7d69cf81efaccfea798a] COMMAND FindElement {
   "using": "xpath",
   "value": "//div[@class='Y6Myld']//span[contains(text(),'Java')]"
}
[1768299698.797][INFO]: Waiting for pending navigations...
[1768299698.799][INFO]: Done waiting for pending navigations. Status: ok
[1768299698.817][INFO]: Waiting for pending navigations...
[1768299698.818][INFO]: Done waiting for pending navigations. Status: ok
[1768299698.818][INFO]: [51b85852c79e7d69cf81efaccfea798a] RESPONSE FindElement {
   "element-6066-11e4-a52e-4f735466cecf": "f.FF55771958B2683257D5C0DA48A60AD6.d.CE5959C2D3C53415E5D9E4FD1B578B80.e.28"
}
[1768299698.822][INFO]: [51b85852c79e7d69cf81efaccfea798a] COMMAND ClickElement {
   "id": "f.FF55771958B2683257D5C0DA48A60AD6.d.CE5959C2D3C53415E5D9E4FD1B578B80.e.28"
}
[1768299698.822][INFO]: Waiting for pending navigations...
[1768299698.823][INFO]: Done waiting for pending navigations. Status: ok
[1768299698.922][INFO]: Waiting for pending navigations...
[1768299698.926][INFO]: Done waiting for pending navigations. Status: ok
[1768299698.926][INFO]: [51b85852c79e7d69cf81efaccfea798a] RESPONSE ClickElement
[1768299698.929][INFO]: [51b85852c79e7d69cf81efaccfea798a] COMMAND FindElement {
   "using": "xpath",
   "value": "//div[@class='Y6Myld']//span[contains(text(),'Selenium')]"
}
[1768299698.929][INFO]: Waiting for pending navigations...
[1768299698.930][INFO]: Done waiting for pending navigations. Status: ok
[1768299698.944][INFO]: Waiting for pending navigations...
[1768299698.945][INFO]: Done waiting for pending navigations. Status: ok
[1768299698.945][INFO]: [51b85852c79e7d69cf81efaccfea798a] RESPONSE FindElement {
   "element-6066-11e4-a52e-4f735466cecf": "f.FF55771958B2683257D5C0DA48A60AD6.d.CE5959C2D3C53415E5D9E4FD1B578B80.e.30"
}
[1768299698.948][INFO]: [51b85852c79e7d69cf81efaccfea798a] COMMAND ClickElement {
   "id": "f.FF55771958B2683257D5C0DA48A60AD6.d.CE5959C2D3C53415E5D9E4FD1B578B80.e.30"
}
[1768299698.948][INFO]: Waiting for pending navigations...
[1768299698.949][INFO]: Done waiting for pending navigations. Status: ok
[1768299699.040][INFO]: Waiting for pending navigations...
[1768299699.041][INFO]: Done waiting for pending navigations. Status: ok
[1768299699.041][INFO]: [51b85852c79e7d69cf81efaccfea798a] RESPONSE ClickElement
[1768299699.044][INFO]: [51b85852c79e7d69cf81efaccfea798a] COMMAND FindElement {
   "using": "xpath",
   "value": "//div[@class='Y6Myld']//span[contains(text(),'TestNG')]"
}
[1768299699.044][INFO]: Waiting for pending navigations...
[1768299699.047][INFO]: Done waiting for pending navigations. Status: ok
[1768299699.063][INFO]: Waiting for pending navigations...
[1768299699.065][INFO]: Done waiting for pending navigations. Status: ok
[1768299699.065][INFO]: [51b85852c79e7d69cf81efaccfea798a] RESPONSE FindElement {
   "element-6066-11e4-a52e-4f735466cecf": "f.FF55771958B2683257D5C0DA48A60AD6.d.CE5959C2D3C53415E5D9E4FD1B578B80.e.32"
}
[1768299699.068][INFO]: [51b85852c79e7d69cf81efaccfea798a] COMMAND ClickElement {
   "id": "f.FF55771958B2683257D5C0DA48A60AD6.d.CE5959C2D3C53415E5D9E4FD1B578B80.e.32"
}
[1768299699.068][INFO]: Waiting for pending navigations...
[1768299699.069][INFO]: Done waiting for pending navigations. Status: ok
[1768299699.176][INFO]: Waiting for pending navigations...
[1768299699.177][INFO]: Done waiting for pending navigations. Status: ok
[1768299699.177][INFO]: [51b85852c79e7d69cf81efaccfea798a] RESPONSE ClickElement
[1768299701.190][INFO]: [51b85852c79e7d69cf81efaccfea798a] COMMAND FindElement {
   "using": "xpath",
   "value": "//span[normalize-space()='Choose']"
}
[1768299701.190][INFO]: Waiting for pending navigations...
[1768299701.191][INFO]: Done waiting for pending navigations. Status: ok
[1768299701.207][INFO]: Waiting for pending navigations...
[1768299701.208][INFO]: Done waiting for pending navigations. Status: ok
[1768299701.208][INFO]: [51b85852c79e7d69cf81efaccfea798a] RESPONSE FindElement {
   "element-6066-11e4-a52e-4f735466cecf": "f.FF55771958B2683257D5C0DA48A60AD6.d.CE5959C2D3C53415E5D9E4FD1B578B80.e.34"
}
[1768299701.212][INFO]: [51b85852c79e7d69cf81efaccfea798a] COMMAND ExecuteScript {
   "args": [ {
      "element-6066-11e4-a52e-4f735466cecf": "f.FF55771958B2683257D5C0DA48A60AD6.d.CE5959C2D3C53415E5D9E4FD1B578B80.e.34"
   } ],
   "script": "arguments[0].scrollIntoView(true);"
}
[1768299701.212][INFO]: Waiting for pending navigations...
[1768299701.212][INFO]: Done waiting for pending navigations. Status: ok
[1768299701.216][INFO]: Waiting for pending navigations...
[1768299701.217][INFO]: Done waiting for pending navigations. Status: ok
[1768299701.217][INFO]: [51b85852c79e7d69cf81efaccfea798a] RESPONSE ExecuteScript null
[1768299701.220][INFO]: [51b85852c79e7d69cf81efaccfea798a] COMMAND ClickElement {
   "id": "f.FF55771958B2683257D5C0DA48A60AD6.d.CE5959C2D3C53415E5D9E4FD1B578B80.e.34"
}
[1768299701.220][INFO]: Waiting for pending navigations...
[1768299701.221][INFO]: Done waiting for pending navigations. Status: ok
[1768299701.286][INFO]: Waiting for pending navigations...
[1768299701.288][INFO]: Done waiting for pending navigations. Status: ok
[1768299701.288][INFO]: [51b85852c79e7d69cf81efaccfea798a] RESPONSE ClickElement
[1768299701.291][INFO]: [51b85852c79e7d69cf81efaccfea798a] COMMAND ExecuteScript {
   "args": [ {
      "element-6066-11e4-a52e-4f735466cecf": "f.FF55771958B2683257D5C0DA48A60AD6.d.CE5959C2D3C53415E5D9E4FD1B578B80.e.34"
   } ],
   "script": "/* isDisplayed */return (function(){return (function(){var h=this||self;\nfunction aa(a){var b=typeof a;if(\"object\"==b)if(a){if(a instanceof Array)return\"array\";if(a instanceof Object)return b;var c=Object.prototype.toString.call(a);if(\"[object Window]\"==c)return\"object\";if(\"[object Array]\"==c||\"number\"==typeof a.length&&\"undefined\"!=typeof a.splice&&\"undefined\"!=typeof a.propertyIsEnumerable&&!a.propertyIsEnumerable(\"splice\"))return\"array\";if(\"[object Function]\"==c||\"undefined\"!=typeof a.call&&\"undefined\"!=typeof a.propertyIsEnumerable&&!a.propertyIsEnumerable(\"call\"))return\"function\"}else return\"null\";else if(\"function\"==\nb&&\"undefined\"==typeof a.call)return\"object\";return b}function ca(a,b){function c(){}c.prototype=b.prototype;a.prototype=new c;a.prototype.constructor=a};var da=Array.prototype.indexOf?function(a,b){return Array.prototype.indexOf.call(a,b,void 0)}:function(a,b){if(\"string\"===typeof a)return\"string\"!==typeof b||1!=b.length?-1:a.indexOf(b,0);for(var c=0;c\u003Ca.length;c++)if(c in a&&a[c]===b)return c;return-1},ea=Array.prototype.some?function(a,b){return Array.prototype.some.call(a,b,void 0)}:function(a,b){for(var c=a.length,e=\"string\"===typeof a?a.split(\"\"):a,d=0;d\u003Cc;d++)if(d in e&&b.call(void 0,e[d],d,a))return!0;return!1},fa=Array.prototype.every?function(a,\nb){return Array.prototype.every.call(a,b,void 0)}:function(a,b){for(var c=a.length,e=\"string\"===typeof a?a.split(\"\"):a,d=0;d\u003Cc;d++)if(d in e&&!b.call(void 0,e[d],d,a))return!1;return!0};var ha={aliceblue:\"#f0f8ff\",antiquewhite:\"#faebd7\",aqua:\"#00ffff\",aquamarine:\"#7fffd4\",azure:\"#f0ffff\",beige:\"#f5f5dc\",bisque:\"#ffe4c4\",black:\"#000000\",blanchedalmond:\"#ffebcd\",blue:\"#0000ff\",blueviolet:\"#8a2be2\",brown:\"#a52a2a\",burlywood:\"#deb887\",cadetblue:\"#5f9ea0\",chartreuse:\"#7fff00\",chocolate:\"#d2691e\",coral:\"#ff7f50\",cornflowerblue:\"#6495ed\",cornsilk:\"#fff8dc\",crimson:\"#dc143c\",cyan:\"#00ffff\",darkblue:\"#00008b\",darkcyan:\"#008b8b\",darkgoldenrod:\"#b8860b\",darkgray:\"#a9a9a9\",darkgreen:\"#006400\",\ndarkgrey:\"#a9a9a9\",darkkhaki:\"#bdb76b\",darkmagenta:\"#8b008b\",darkolivegreen:\"#556b2f\",darkorange:\"#ff8c00\",darkorchid:\"#9932cc\",darkred:\"#8b0000\",darksalmon:\"#e9967a\",darkseagreen:\"#8fbc8f\",darkslateblue:\"#483d8b\",darkslategray:\"#2f4f4f\",darkslategrey:\"#2f4f4f\",darkturquoise:\"#00ced1\",darkviolet:\"#9400d3\",deeppink:\"#ff1493\",deepskyblue:\"#00bfff\",dimgray:\"#696969\",dimgrey:\"#696969\",dodgerblue:\"#1e90ff\",firebrick:\"#b22222\",floralwhite:\"#fffaf0\",forestgreen:\"#228b22\",fuchsia:\"#ff00ff\",gainsboro:\"#dcdcdc\",\nghostwhite:\"#f8f8ff\",gold:\"#ffd700\",goldenrod:\"#daa520\",gray:\"#808080\",green:\"#008000\",greenyellow:\"#adff2f\",grey:\"#808080\",honeydew:\"#f0fff0\",hotpink:\"#ff69b4\",indianred:\"#cd5c5c\",indigo:\"#4b0082\",ivory:\"#fffff0\",khaki:\"#f0e68c\",lavender:\"#e6e6fa\",lavenderblush:\"#fff0f5\",lawngreen:\"#7cfc00\",lemonchiffon:\"#fffacd\",lightblue:\"#add8e6\",lightcoral:\"#f08080\",lightcyan:\"#e0ffff\",lightgoldenrodyellow:\"#fafad2\",lightgray:\"#d3d3d3\",lightgreen:\"#90ee90\",lightgrey:\"#d3d3d3\",lightpink:\"#ffb6c1\",lightsalmon:\"#ffa07a\",\nlightseagreen:\"#20b2aa\",lightskyblue:\"#87cefa\",lightslategray:\"#778899\",lightslategrey:\"#778899\",lightsteelblue:\"#b0c4de\",lightyellow:\"#ffffe0\",lime:\"#00ff00\",limegreen:\"#32cd32\",linen:\"#faf0e6\",magenta:\"#ff00ff\",maroon:\"#800000\",mediumaquamarine:\"#66cdaa\",mediumblue:\"#0000cd\",mediumorchid:\"#ba55d3\",mediumpurple:\"#9370db\",mediumseagreen:\"#3cb371\",mediumslateblue:\"#7b68ee\",mediumspringgreen:\"#00fa9a\",mediumturquoise:\"#48d1cc\",mediumvioletred:\"#c71585\",midnightblue:\"#191970\",mintcream:\"#f5fffa\",mistyrose:\"#ffe4e1\",\nmoccasin:\"#ffe4b5\",navajowhite:\"#ffdead\",navy:\"#000080\",oldlace:\"#fdf5e6\",olive:\"#808000\",olivedrab:\"#6b8e23\",orange:\"#ffa500\",orangered:\"#ff4500\",orchid:\"#da70d6\",palegoldenrod:\"#eee8aa\",palegreen:\"#98fb98\",paleturquoise:\"#afeeee\",palevioletred:\"#db7093\",papayawhip:\"#ffefd5\",peachpuff:\"#ffdab9\",peru:\"#cd853f\",pink:\"#ffc0cb\",plum:\"#dda0dd\",powderblue:\"#b0e0e6\",purple:\"#800080\",red:\"#ff0000\",rosybrown:\"#bc8f8f\",royalblue:\"#4169e1\",saddlebrown:\"#8b4513\",salmon:\"#fa8072\",sandybrown:\"#f4a460\",seagreen:\"#2e8b57\",\nseashell:\"#fff5ee\",sienna:\"#a0522d\",silver:\"#c0c0c0\",skyblue:\"#87ceeb\",slateblue:\"#6a5acd\",slategray:\"#708090\",slategrey:\"#708090\",snow:\"#fffafa\",springgreen:\"#00ff7f\",steelblue:\"#4682b4\",tan:\"#d2b48c\",teal:\"#008080\",thistle:\"#d8bfd8\",tomato:\"#ff6347\",turquoise:\"#40e0d0\",violet:\"#ee82ee\",wheat:\"#f5deb3\",white:\"#ffffff\",whitesmoke:\"#f5f5f5\",yellow:\"#ffff00\",yellowgreen:\"#9acd32\"};var ia=\"backgroundColor borderTopColor borderRightColor borderBottomColor borderLeftColor color outlineColor\".split(\" \"),ja=/#([0-9a-fA-F])([0-9a-fA-F])([0-9a-fA-F])/,ka=/^#(?:[0-9a-f]{3}){1,2}$/i,la=/^(?:rgba)?\\((\\d{1,3}),\\s?(\\d{1,3}),\\s?(\\d{1,3}),\\s?(0|1|0\\.\\d*)\\)$/i,ma=/^(?:rgb)?\\((0|[1-9]\\d{0,2}),\\s?(0|[1-9]\\d{0,2}),\\s?(0|[1-9]\\d{0,2})\\)$/i;function m(a,b){this.code=a;this.a=p[a]||q;this.message=b||\"\";a=this.a.replace(/((?:^|\\s+)[a-z])/g,function(c){return c.toUpperCase().replace(/^[\\s\\xa0]+/g,\"\")});b=a.length-5;if(0>b||a.indexOf(\"Error\",b)!=b)a+=\"Error\";this.name=a;a=Error(this.message);a.name=this.name;this.stack=a.stack||\"\"}ca(m,Error);var q=\"unknown error\",p={15:\"element not selectable\",11:\"element not visible\"};p[31]=q;p[30]=q;p[24]=\"invalid cookie domain\";p[29]=\"invalid element coordinates\";p[12]=\"invalid element state\";\np[32]=\"invalid selector\";p[51]=\"invalid selector\";p[52]=\"invalid selector\";p[17]=\"javascript error\";p[405]=\"unsupported operation\";p[34]=\"move target out of bounds\";p[27]=\"no such alert\";p[7]=\"no such element\";p[8]=\"no such frame\";p[23]=\"no such window\";p[28]=\"script timeout\";p[33]=\"session not created\";p[10]=\"stale element reference\";p[21]=\"timeout\";p[25]=\"unable to set cookie\";p[26]=\"unexpected alert open\";p[13]=q;p[9]=\"unknown command\";var u=String.prototype.trim?function(a){return a.trim()}:function(a){return/^[\\s\\xa0]*([\\s\\S]*?)[\\s\\xa0]*$/.exec(a)[1]};\nfunction na(a,b){var c=0;a=u(String(a)).split(\".\");b=u(String(b)).split(\".\");for(var e=Math.max(a.length,b.length),d=0;0==c&&d\u003Ce;d++){var f=a[d]||\"\",g=b[d]||\"\";do{f=/(\\d*)(\\D*)(.*)/.exec(f)||[\"\",\"\",\"\",\"\"];g=/(\\d*)(\\D*)(.*)/.exec(g)||[\"\",\"\",\"\",\"\"];if(0==f[0].length&&0==g[0].length)break;c=v(0==f[1].length?0:parseInt(f[1],10),0==g[1].length?0:parseInt(g[1],10))||v(0==f[2].length,0==g[2].length)||v(f[2],g[2]);f=f[3];g=g[3]}while(0==c)}return c}function v(a,b){return a\u003Cb?-1:a>b?1:0};var w;a:{var oa=h.navigator;if(oa){var sa=oa.userAgent;if(sa){w=sa;break a}}w=\"\"}function x(a){return-1!=w.indexOf(a)};function y(){return x(\"Firefox\")||x(\"FxiOS\")}function A(){return(x(\"Chrome\")||x(\"CriOS\"))&&!x(\"Edge\")};function ta(a){return String(a).replace(/\\-([a-z])/g,function(b,c){return c.toUpperCase()})};function B(){return x(\"iPhone\")&&!x(\"iPod\")&&!x(\"iPad\")};function ua(a,b){var c=va;return Object.prototype.hasOwnProperty.call(c,a)?c[a]:c[a]=b(a)};var wa=x(\"Opera\"),C=x(\"Trident\")||x(\"MSIE\"),xa=x(\"Edge\"),ya=x(\"Gecko\")&&!(-1!=w.toLowerCase().indexOf(\"webkit\")&&!x(\"Edge\"))&&!(x(\"Trident\")||x(\"MSIE\"))&&!x(\"Edge\"),za=-1!=w.toLowerCase().indexOf(\"webkit\")&&!x(\"Edge\");function Aa(){var a=h.document;return a?a.documentMode:void 0}var E;\na:{var F=\"\",G=function(){var a=w;if(ya)return/rv:([^\\);]+)(\\)|;)/.exec(a);if(xa)return/Edge\\/([\\d\\.]+)/.exec(a);if(C)return/\\b(?:MSIE|rv)[: ]([^\\);]+)(\\)|;)/.exec(a);if(za)return/WebKit\\/(\\S+)/.exec(a);if(wa)return/(?:Version)[ \\/]?(\\S+)/.exec(a)}();G&&(F=G?G[1]:\"\");if(C){var H=Aa();if(null!=H&&H>parseFloat(F)){E=String(H);break a}}E=F}var va={};function Ba(a){return ua(a,function(){return 0\u003C=na(E,a)})}var I;I=h.document&&C?Aa():void 0;var Ca=y(),Da=B()||x(\"iPod\"),Ea=x(\"iPad\"),Fa=x(\"Android\")&&!(A()||y()||x(\"Opera\")||x(\"Silk\")),Ga=A(),Ha=x(\"Safari\")&&!(A()||x(\"Coast\")||x(\"Opera\")||x(\"Edge\")||x(\"Edg/\")||x(\"OPR\")||y()||x(\"Silk\")||x(\"Android\"))&&!(B()||x(\"iPad\")||x(\"iPod\"));function J(a){return(a=a.exec(w))?a[1]:\"\"}(function(){if(Ca)return J(/Firefox\\/([0-9.]+)/);if(C||xa||wa)return E;if(Ga)return B()||x(\"iPad\")||x(\"iPod\")?J(/CriOS\\/([0-9.]+)/):J(/Chrome\\/([0-9.]+)/);if(Ha&&!(B()||x(\"iPad\")||x(\"iPod\")))return J(/Version\\/([0-9.]+)/);if(Da||Ea){var a=/Version\\/(\\S+).*Mobile\\/(\\S+)/.exec(w);if(a)return a[1]+\".\"+a[2]}else if(Fa)return(a=J(/Android\\s+([0-9.]+)/))?a:J(/Version\\/([0-9.]+)/);return\"\"})();var K;if(K=C)K=!(9\u003C=Number(I));var Ia=K;function L(a,b){this.x=void 0!==a?a:0;this.y=void 0!==b?b:0}L.prototype.ceil=function(){this.x=Math.ceil(this.x);this.y=Math.ceil(this.y);return this};L.prototype.floor=function(){this.x=Math.floor(this.x);this.y=Math.floor(this.y);return this};L.prototype.round=function(){this.x=Math.round(this.x);this.y=Math.round(this.y);return this};function M(a,b){this.width=a;this.height=b}M.prototype.aspectRatio=function(){return this.width/this.height};M.prototype.ceil=function(){this.width=Math.ceil(this.width);this.height=Math.ceil(this.height);return this};M.prototype.floor=function(){this.width=Math.floor(this.width);this.height=Math.floor(this.height);return this};M.prototype.round=function(){this.width=Math.round(this.width);this.height=Math.round(this.height);return this};function N(a){return 9==a.nodeType?a:a.ownerDocument||a.document}function Ja(a,b){a&&(a=a.parentNode);for(var c=0;a;){if(b(a))return a;a=a.parentNode;c++}return null}function Ka(a){this.a=a||h.document||document};function P(a,b){b&&\"string\"!==typeof b&&(b=b.toString());return a instanceof HTMLFormElement?!!a&&1==a.nodeType&&(!b||\"FORM\"==b):!!a&&1==a.nodeType&&(!b||a.tagName.toUpperCase()==b)};function Q(a,b,c,e){this.f=a;this.a=b;this.b=c;this.c=e}Q.prototype.ceil=function(){this.f=Math.ceil(this.f);this.a=Math.ceil(this.a);this.b=Math.ceil(this.b);this.c=Math.ceil(this.c);return this};Q.prototype.floor=function(){this.f=Math.floor(this.f);this.a=Math.floor(this.a);this.b=Math.floor(this.b);this.c=Math.floor(this.c);return this};Q.prototype.round=function(){this.f=Math.round(this.f);this.a=Math.round(this.a);this.b=Math.round(this.b);this.c=Math.round(this.c);return this};function R(a,b,c,e){this.a=a;this.b=b;this.width=c;this.height=e}R.prototype.ceil=function(){this.a=Math.ceil(this.a);this.b=Math.ceil(this.b);this.width=Math.ceil(this.width);this.height=Math.ceil(this.height);return this};R.prototype.floor=function(){this.a=Math.floor(this.a);this.b=Math.floor(this.b);this.width=Math.floor(this.width);this.height=Math.floor(this.height);return this};\nR.prototype.round=function(){this.a=Math.round(this.a);this.b=Math.round(this.b);this.width=Math.round(this.width);this.height=Math.round(this.height);return this};var La=\"function\"===typeof ShadowRoot;function S(a){for(a=a.parentNode;a&&1!=a.nodeType&&9!=a.nodeType&&11!=a.nodeType;)a=a.parentNode;return P(a)?a:null}\nfunction T(a,b){b=ta(b);if(\"float\"==b||\"cssFloat\"==b||\"styleFloat\"==b)b=Ia?\"styleFloat\":\"cssFloat\";a:{var c=b;var e=N(a);if(e.defaultView&&e.defaultView.getComputedStyle&&(e=e.defaultView.getComputedStyle(a,null))){c=e[c]||e.getPropertyValue(c)||\"\";break a}c=\"\"}a=c||Ma(a,b);if(null===a)a=null;else if(0\u003C=da(ia,b)){b:{var d=a.match(la);if(d&&(b=Number(d[1]),c=Number(d[2]),e=Number(d[3]),d=Number(d[4]),0\u003C=b&&255>=b&&0\u003C=c&&255>=c&&0\u003C=e&&255>=e&&0\u003C=d&&1>=d)){b=[b,c,e,d];break b}b=null}if(!b)b:{if(e=a.match(ma))if(b=\nNumber(e[1]),c=Number(e[2]),e=Number(e[3]),0\u003C=b&&255>=b&&0\u003C=c&&255>=c&&0\u003C=e&&255>=e){b=[b,c,e,1];break b}b=null}if(!b)b:{b=a.toLowerCase();c=ha[b.toLowerCase()];if(!c&&(c=\"#\"==b.charAt(0)?b:\"#\"+b,4==c.length&&(c=c.replace(ja,\"#$1$1$2$2$3$3\")),!ka.test(c))){b=null;break b}b=[parseInt(c.substr(1,2),16),parseInt(c.substr(3,2),16),parseInt(c.substr(5,2),16),1]}a=b?\"rgba(\"+b.join(\", \")+\")\":a}return a}\nfunction Ma(a,b){var c=a.currentStyle||a.style,e=c[b];void 0===e&&\"function\"==aa(c.getPropertyValue)&&(e=c.getPropertyValue(b));return\"inherit\"!=e?void 0!==e?e:null:(a=S(a))?Ma(a,b):null}\nfunction U(a,b,c){function e(g){var n=V(g);if(0\u003Cn.height&&0\u003Cn.width)return!0;if(P(g,\"PATH\")&&(0\u003Cn.height||0\u003Cn.width))return g=T(g,\"stroke-width\"),!!g&&0\u003CparseInt(g,10);n=T(g,\"visibility\");return\"collapse\"!=n&&\"hidden\"!=n&&c(g)?\"hidden\"!=T(g,\"overflow\")&&ea(g.childNodes,function(D){return 3==D.nodeType||P(D)&&e(D)}):!1}function d(g){return Na(g)==W&&fa(g.childNodes,function(n){return!P(n)||d(n)||!e(n)})}if(!P(a))throw Error(\"Argument to isShown must be of type Element\");if(P(a,\"BODY\"))return!0;if(P(a,\n\"OPTION\")||P(a,\"OPTGROUP\"))return a=Ja(a,function(g){return P(g,\"SELECT\")}),!!a&&U(a,!0,c);var f=Oa(a);if(f)return!!f.image&&0\u003Cf.rect.width&&0\u003Cf.rect.height&&U(f.image,b,c);if(P(a,\"INPUT\")&&\"hidden\"==a.type.toLowerCase()||P(a,\"NOSCRIPT\"))return!1;f=T(a,\"visibility\");return\"collapse\"!=f&&\"hidden\"!=f&&c(a)&&(b||0!=Pa(a))&&e(a)?!d(a):!1}var W=\"hidden\";\nfunction Na(a){function b(k){function l(ba){if(ba==g)return!0;var pa=T(ba,\"display\");return 0==pa.lastIndexOf(\"inline\",0)||\"contents\"==pa||\"absolute\"==qa&&\"static\"==T(ba,\"position\")?!1:!0}var qa=T(k,\"position\");if(\"fixed\"==qa)return ra=!0,k==g?null:g;for(k=S(k);k&&!l(k);)k=S(k);return k}function c(k){var l=k;if(\"visible\"==D)if(k==g&&n)l=n;else if(k==n)return{x:\"visible\",y:\"visible\"};l={x:T(l,\"overflow-x\"),y:T(l,\"overflow-y\")};k==g&&(l.x=\"visible\"==l.x?\"auto\":l.x,l.y=\"visible\"==l.y?\"auto\":l.y);return l}\nfunction e(k){if(k==g){var l=(new Ka(f)).a;k=l.scrollingElement?l.scrollingElement:za||\"CSS1Compat\"!=l.compatMode?l.body||l.documentElement:l.documentElement;l=l.parentWindow||l.defaultView;k=C&&Ba(\"10\")&&l.pageYOffset!=k.scrollTop?new L(k.scrollLeft,k.scrollTop):new L(l.pageXOffset||k.scrollLeft,l.pageYOffset||k.scrollTop)}else k=new L(k.scrollLeft,k.scrollTop);return k}var d=Qa(a),f=N(a),g=f.documentElement,n=f.body,D=T(g,\"overflow\"),ra;for(a=b(a);a;a=b(a)){var r=c(a);if(\"visible\"!=r.x||\"visible\"!=\nr.y){var t=V(a);if(0==t.width||0==t.height)return W;var z=d.a\u003Ct.a,O=d.b\u003Ct.b;if(z&&\"hidden\"==r.x||O&&\"hidden\"==r.y)return W;if(z&&\"visible\"!=r.x||O&&\"visible\"!=r.y){z=e(a);O=d.b\u003Ct.b-z.y;if(d.a\u003Ct.a-z.x&&\"visible\"!=r.x||O&&\"visible\"!=r.x)return W;d=Na(a);return d==W?W:\"scroll\"}z=d.c>=t.a+t.width;t=d.f>=t.b+t.height;if(z&&\"hidden\"==r.x||t&&\"hidden\"==r.y)return W;if(z&&\"visible\"!=r.x||t&&\"visible\"!=r.y){if(ra&&(r=e(a),d.c>=g.scrollWidth-r.x||d.a>=g.scrollHeight-r.y))return W;d=Na(a);return d==W?W:\"scroll\"}}}return\"none\"}\nfunction V(a){var b=Oa(a);if(b)return b.rect;if(P(a,\"HTML\"))return a=N(a),a=((a?a.parentWindow||a.defaultView:window)||window).document,a=\"CSS1Compat\"==a.compatMode?a.documentElement:a.body,a=new M(a.clientWidth,a.clientHeight),new R(0,0,a.width,a.height);try{var c=a.getBoundingClientRect()}catch(e){return new R(0,0,0,0)}b=new R(c.left,c.top,c.right-c.left,c.bottom-c.top);C&&a.ownerDocument.body&&(a=N(a),b.a-=a.documentElement.clientLeft+a.body.clientLeft,b.b-=a.documentElement.clientTop+a.body.clientTop);\nreturn b}\nfunction Oa(a){var b=P(a,\"MAP\");if(!b&&!P(a,\"AREA\"))return null;var c=b?a:P(a.parentNode,\"MAP\")?a.parentNode:null,e=null,d=null;if(c&&c.name){e='*[usemap=\"#'+c.name+'\"]';c=N(c);var f;if(f=\"function\"!=aa(c.querySelector)&&C&&(C?0\u003C=na(I,8):Ba(8))){f=c.querySelector;var g=typeof f;f=!(\"object\"==g&&null!=f||\"function\"==g)}if(f)throw Error(\"CSS selection is not supported\");if(!e)throw new m(32,\"No selector specified\");e=u(e);try{var n=c.querySelector(e)}catch(D){throw new m(32,\"An invalid or illegal selector was specified\");}if(e=\nn&&1==n.nodeType?n:null)d=V(e),b||\"default\"==a.shape.toLowerCase()||(a=Ra(a),b=Math.min(Math.max(a.a,0),d.width),n=Math.min(Math.max(a.b,0),d.height),d=new R(b+d.a,n+d.b,Math.min(a.width,d.width-b),Math.min(a.height,d.height-n)))}return{image:e,rect:d||new R(0,0,0,0)}}\nfunction Ra(a){var b=a.shape.toLowerCase();a=a.coords.split(\",\");if(\"rect\"==b&&4==a.length){b=a[0];var c=a[1];return new R(b,c,a[2]-b,a[3]-c)}if(\"circle\"==b&&3==a.length)return b=a[2],new R(a[0]-b,a[1]-b,2*b,2*b);if(\"poly\"==b&&2\u003Ca.length){b=a[0];c=a[1];for(var e=b,d=c,f=2;f+1\u003Ca.length;f+=2)b=Math.min(b,a[f]),e=Math.max(e,a[f]),c=Math.min(c,a[f+1]),d=Math.max(d,a[f+1]);return new R(b,c,e-b,d-c)}return new R(0,0,0,0)}function Qa(a){a=V(a);return new Q(a.b,a.a+a.width,a.b+a.height,a.a)}\nfunction Pa(a){if(Ia){if(\"relative\"==T(a,\"position\"))return 1;a=T(a,\"filter\");return(a=a.match(/^alpha\\(opacity=(\\d*)\\)/)||a.match(/^progid:DXImageTransform.Microsoft.Alpha\\(Opacity=(\\d*)\\)/))?Number(a[1])/100:1}return Sa(a)}function Sa(a){var b=1,c=T(a,\"opacity\");c&&(b=Number(c));(a=S(a))&&(b*=Sa(a));return b};function Ta(a,b){function c(e){if(P(e)&&(\"none\"==T(e,\"display\")||\"hidden\"==T(e,\"content-visibility\")))return!1;var d;if((d=e.parentNode)&&d.shadowRoot&&void 0!==e.assignedSlot)d=e.assignedSlot?e.assignedSlot.parentNode:null;else if(e.getDestinationInsertionPoints){var f=e.getDestinationInsertionPoints();0\u003Cf.length&&(d=f[f.length-1])}if(La&&d instanceof ShadowRoot){if(d.host.shadowRoot&&d.host.shadowRoot!==d)return!1;d=d.host}return!d||9!=d.nodeType&&11!=d.nodeType?d&&P(d,\"DETAILS\")&&!d.open&&!P(e,\n\"SUMMARY\")?!1:!!d&&c(d):!0}return U(a,!!b,c)}var X=[\"se_exportedFunctionSymbol\"],Y=h;X[0]in Y||\"undefined\"==typeof Y.execScript||Y.execScript(\"var \"+X[0]);for(var Z;X.length&&(Z=X.shift());)X.length||void 0===Ta?Y[Z]&&Y[Z]!==Object.prototype[Z]?Y=Y[Z]:Y=Y[Z]={}:Y[Z]=Ta;; return this.se_exportedFunctionSymbol.apply(null,arguments);}).apply(window, arguments);}\n).apply(null, arguments);"
}
[1768299701.291][INFO]: Waiting for pending navigations...
[1768299701.292][INFO]: Done waiting for pending navigations. Status: ok
[1768299701.298][INFO]: Waiting for pending navigations...
[1768299701.299][INFO]: Done waiting for pending navigations. Status: ok
[1768299701.299][INFO]: [51b85852c79e7d69cf81efaccfea798a] RESPONSE ExecuteScript true
[1768299701.301][INFO]: [51b85852c79e7d69cf81efaccfea798a] COMMAND IsElementEnabled {
   "id": "f.FF55771958B2683257D5C0DA48A60AD6.d.CE5959C2D3C53415E5D9E4FD1B578B80.e.34"
}
[1768299701.301][INFO]: Waiting for pending navigations...
[1768299701.302][INFO]: Done waiting for pending navigations. Status: ok
[1768299701.307][INFO]: Waiting for pending navigations...
[1768299701.307][INFO]: Done waiting for pending navigations. Status: ok
[1768299701.307][INFO]: [51b85852c79e7d69cf81efaccfea798a] RESPONSE IsElementEnabled true
[1768299701.310][INFO]: [51b85852c79e7d69cf81efaccfea798a] COMMAND ExecuteScript {
   "args": [ {
      "element-6066-11e4-a52e-4f735466cecf": "f.FF55771958B2683257D5C0DA48A60AD6.d.CE5959C2D3C53415E5D9E4FD1B578B80.e.34"
   } ],
   "script": "arguments[0].scrollIntoView(true);"
}
[1768299701.310][INFO]: Waiting for pending navigations...
[1768299701.311][INFO]: Done waiting for pending navigations. Status: ok
[1768299701.316][INFO]: Waiting for pending navigations...
[1768299701.317][INFO]: Done waiting for pending navigations. Status: ok
[1768299701.317][INFO]: [51b85852c79e7d69cf81efaccfea798a] RESPONSE ExecuteScript null
[1768299701.319][INFO]: [51b85852c79e7d69cf81efaccfea798a] COMMAND ClickElement {
   "id": "f.FF55771958B2683257D5C0DA48A60AD6.d.CE5959C2D3C53415E5D9E4FD1B578B80.e.34"
}
[1768299701.319][INFO]: Waiting for pending navigations...
[1768299701.320][INFO]: Done waiting for pending navigations. Status: ok
[1768299701.361][INFO]: Waiting for pending navigations...
[1768299701.362][INFO]: Done waiting for pending navigations. Status: ok
[1768299701.362][INFO]: [51b85852c79e7d69cf81efaccfea798a] RESPONSE ClickElement
[1768299705.367][INFO]: [51b85852c79e7d69cf81efaccfea798a] COMMAND FindElements {
   "using": "xpath",
   "value": "//div[contains(@class,'ncFHed')]//span[not(contains(text(),'Choose'))]"
}
[1768299705.367][INFO]: Waiting for pending navigations...
[1768299705.367][INFO]: Done waiting for pending navigations. Status: ok
[1768299705.386][INFO]: Waiting for pending navigations...
[1768299705.388][INFO]: Done waiting for pending navigations. Status: ok
[1768299705.388][INFO]: [51b85852c79e7d69cf81efaccfea798a] RESPONSE FindElements [ {
   "element-6066-11e4-a52e-4f735466cecf": "f.FF55771958B2683257D5C0DA48A60AD6.d.CE5959C2D3C53415E5D9E4FD1B578B80.e.37"
}, {
   "element-6066-11e4-a52e-4f735466cecf": "f.FF55771958B2683257D5C0DA48A60AD6.d.CE5959C2D3C53415E5D9E4FD1B578B80.e.38"
}, {
   "element-6066-11e4-a52e-4f735466cecf": "f.FF55771958B2683257D5C0DA48A60AD6.d.CE5959C2D3C53415E5D9E4FD1B578B80.e.39"
}, {
   "element-6066-11e4-a52e-4f735466cecf": "f.FF55771958B2683257D5C0DA48A60AD6.d.CE5959C2D3C53415E5D9E4FD1B578B80.e.40"
}, {
   "element-6066-11e4-a52e-4f735466cecf": "f.FF55771958B2683257D5C0DA48A60AD6.d.CE5959C2D3C53415E5D9E4FD1B578B80.e.41"
} ]
[1768299705.392][INFO]: [51b85852c79e7d69cf81efaccfea798a] COMMAND GetElementText {
   "id": "f.FF55771958B2683257D5C0DA48A60AD6.d.CE5959C2D3C53415E5D9E4FD1B578B80.e.37"
}
[1768299705.392][INFO]: Waiting for pending navigations...
[1768299705.392][INFO]: Done waiting for pending navigations. Status: ok
[1768299705.413][INFO]: Waiting for pending navigations...
[1768299705.414][INFO]: Done waiting for pending navigations. Status: ok
[1768299705.414][INFO]: [51b85852c79e7d69cf81efaccfea798a] RESPONSE GetElementText "Mr"
[1768299705.416][INFO]: [51b85852c79e7d69cf81efaccfea798a] COMMAND GetElementText {
   "id": "f.FF55771958B2683257D5C0DA48A60AD6.d.CE5959C2D3C53415E5D9E4FD1B578B80.e.37"
}
[1768299705.416][INFO]: Waiting for pending navigations...
[1768299705.417][INFO]: Done waiting for pending navigations. Status: ok
[1768299705.427][INFO]: Waiting for pending navigations...
[1768299705.428][INFO]: Done waiting for pending navigations. Status: ok
[1768299705.428][INFO]: [51b85852c79e7d69cf81efaccfea798a] RESPONSE GetElementText "Mr"
[1768299705.430][INFO]: [51b85852c79e7d69cf81efaccfea798a] COMMAND GetElementText {
   "id": "f.FF55771958B2683257D5C0DA48A60AD6.d.CE5959C2D3C53415E5D9E4FD1B578B80.e.38"
}
[1768299705.430][INFO]: Waiting for pending navigations...
[1768299705.431][INFO]: Done waiting for pending navigations. Status: ok
[1768299705.441][INFO]: Waiting for pending navigations...
[1768299705.442][INFO]: Done waiting for pending navigations. Status: ok
[1768299705.442][INFO]: [51b85852c79e7d69cf81efaccfea798a] RESPONSE GetElementText "Ms"
[1768299705.446][INFO]: [51b85852c79e7d69cf81efaccfea798a] COMMAND GetElementText {
   "id": "f.FF55771958B2683257D5C0DA48A60AD6.d.CE5959C2D3C53415E5D9E4FD1B578B80.e.38"
}
[1768299705.446][INFO]: Waiting for pending navigations...
[1768299705.447][INFO]: Done waiting for pending navigations. Status: ok
[1768299705.456][INFO]: Waiting for pending navigations...
[1768299705.457][INFO]: Done waiting for pending navigations. Status: ok
[1768299705.457][INFO]: [51b85852c79e7d69cf81efaccfea798a] RESPONSE GetElementText "Ms"
[1768299705.460][INFO]: [51b85852c79e7d69cf81efaccfea798a] COMMAND GetElementText {
   "id": "f.FF55771958B2683257D5C0DA48A60AD6.d.CE5959C2D3C53415E5D9E4FD1B578B80.e.39"
}
[1768299705.460][INFO]: Waiting for pending navigations...
[1768299705.462][INFO]: Done waiting for pending navigations. Status: ok
[1768299705.470][INFO]: Waiting for pending navigations...
[1768299705.471][INFO]: Done waiting for pending navigations. Status: ok
[1768299705.471][INFO]: [51b85852c79e7d69cf81efaccfea798a] RESPONSE GetElementText "Mrs"
[1768299705.474][INFO]: [51b85852c79e7d69cf81efaccfea798a] COMMAND GetElementText {
   "id": "f.FF55771958B2683257D5C0DA48A60AD6.d.CE5959C2D3C53415E5D9E4FD1B578B80.e.39"
}
[1768299705.474][INFO]: Waiting for pending navigations...
[1768299705.475][INFO]: Done waiting for pending navigations. Status: ok
[1768299705.481][INFO]: Waiting for pending navigations...
[1768299705.482][INFO]: Done waiting for pending navigations. Status: ok
[1768299705.482][INFO]: [51b85852c79e7d69cf81efaccfea798a] RESPONSE GetElementText "Mrs"
[1768299705.484][INFO]: [51b85852c79e7d69cf81efaccfea798a] COMMAND GetElementText {
   "id": "f.FF55771958B2683257D5C0DA48A60AD6.d.CE5959C2D3C53415E5D9E4FD1B578B80.e.40"
}
[1768299705.484][INFO]: Waiting for pending navigations...
[1768299705.485][INFO]: Done waiting for pending navigations. Status: ok
[1768299705.490][INFO]: Waiting for pending navigations...
[1768299705.491][INFO]: Done waiting for pending navigations. Status: ok
[1768299705.491][INFO]: [51b85852c79e7d69cf81efaccfea798a] RESPONSE GetElementText "Dr"
[1768299705.494][INFO]: [51b85852c79e7d69cf81efaccfea798a] COMMAND GetElementText {
   "id": "f.FF55771958B2683257D5C0DA48A60AD6.d.CE5959C2D3C53415E5D9E4FD1B578B80.e.40"
}
[1768299705.494][INFO]: Waiting for pending navigations...
[1768299705.495][INFO]: Done waiting for pending navigations. Status: ok
[1768299705.503][INFO]: Waiting for pending navigations...
[1768299705.504][INFO]: Done waiting for pending navigations. Status: ok
[1768299705.504][INFO]: [51b85852c79e7d69cf81efaccfea798a] RESPONSE GetElementText "Dr"
[1768299705.507][INFO]: [51b85852c79e7d69cf81efaccfea798a] COMMAND ClickElement {
   "id": "f.FF55771958B2683257D5C0DA48A60AD6.d.CE5959C2D3C53415E5D9E4FD1B578B80.e.40"
}
[1768299705.507][INFO]: Waiting for pending navigations...
[1768299705.508][INFO]: Done waiting for pending navigations. Status: ok
[1768299705.576][INFO]: Waiting for pending navigations...
[1768299705.583][INFO]: Done waiting for pending navigations. Status: ok
[1768299705.583][INFO]: [51b85852c79e7d69cf81efaccfea798a] RESPONSE ClickElement
[1768299705.591][INFO]: [51b85852c79e7d69cf81efaccfea798a] COMMAND FindElement {
   "using": "xpath",
   "value": "//input[@type='date']"
}
[1768299705.591][INFO]: Waiting for pending navigations...
[1768299705.592][INFO]: Done waiting for pending navigations. Status: ok
[1768299705.602][INFO]: Waiting for pending navigations...
[1768299705.603][INFO]: Done waiting for pending navigations. Status: ok
[1768299705.603][INFO]: [51b85852c79e7d69cf81efaccfea798a] RESPONSE FindElement {
   "element-6066-11e4-a52e-4f735466cecf": "f.FF55771958B2683257D5C0DA48A60AD6.d.CE5959C2D3C53415E5D9E4FD1B578B80.e.6"
}
[1768299705.605][INFO]: [51b85852c79e7d69cf81efaccfea798a] COMMAND ClearElement {
   "id": "f.FF55771958B2683257D5C0DA48A60AD6.d.CE5959C2D3C53415E5D9E4FD1B578B80.e.6"
}
[1768299705.605][INFO]: Waiting for pending navigations...
[1768299705.607][INFO]: Done waiting for pending navigations. Status: ok
[1768299705.635][INFO]: Waiting for pending navigations...
[1768299705.636][INFO]: Done waiting for pending navigations. Status: ok
[1768299705.636][INFO]: [51b85852c79e7d69cf81efaccfea798a] RESPONSE ClearElement
[1768299705.639][INFO]: [51b85852c79e7d69cf81efaccfea798a] COMMAND TypeElement {
   "id": "f.FF55771958B2683257D5C0DA48A60AD6.d.CE5959C2D3C53415E5D9E4FD1B578B80.e.6",
   "text": "06/01/2026",
   "value": [ "0", "6", "/", "0", "1", "/", "2", "0", "2", "6" ]
}
[1768299705.639][INFO]: Waiting for pending navigations...
[1768299705.640][INFO]: Done waiting for pending navigations. Status: ok
[1768299705.748][INFO]: Waiting for pending navigations...
[1768299705.751][INFO]: Done waiting for pending navigations. Status: ok
[1768299705.751][INFO]: [51b85852c79e7d69cf81efaccfea798a] RESPONSE TypeElement
[1768299705.754][INFO]: [51b85852c79e7d69cf81efaccfea798a] COMMAND FindElement {
   "using": "xpath",
   "value": "//input[@aria-label='Hour']"
}
[1768299705.754][INFO]: Waiting for pending navigations...
[1768299705.755][INFO]: Done waiting for pending navigations. Status: ok
[1768299705.767][INFO]: Waiting for pending navigations...
[1768299705.767][INFO]: Done waiting for pending navigations. Status: ok
[1768299705.767][INFO]: [51b85852c79e7d69cf81efaccfea798a] RESPONSE FindElement {
   "element-6066-11e4-a52e-4f735466cecf": "f.FF55771958B2683257D5C0DA48A60AD6.d.CE5959C2D3C53415E5D9E4FD1B578B80.e.7"
}
[1768299705.770][INFO]: [51b85852c79e7d69cf81efaccfea798a] COMMAND TypeElement {
   "id": "f.FF55771958B2683257D5C0DA48A60AD6.d.CE5959C2D3C53415E5D9E4FD1B578B80.e.7",
   "text": "07",
   "value": [ "0", "7" ]
}
[1768299705.770][INFO]: Waiting for pending navigations...
[1768299705.771][INFO]: Done waiting for pending navigations. Status: ok
[1768299705.846][INFO]: Waiting for pending navigations...
[1768299705.850][INFO]: Done waiting for pending navigations. Status: ok
[1768299705.850][INFO]: [51b85852c79e7d69cf81efaccfea798a] RESPONSE TypeElement
[1768299705.853][INFO]: [51b85852c79e7d69cf81efaccfea798a] COMMAND FindElement {
   "using": "xpath",
   "value": "//input[@aria-label='Minute']"
}
[1768299705.853][INFO]: Waiting for pending navigations...
[1768299705.854][INFO]: Done waiting for pending navigations. Status: ok
[1768299705.864][INFO]: Waiting for pending navigations...
[1768299705.865][INFO]: Done waiting for pending navigations. Status: ok
[1768299705.866][INFO]: [51b85852c79e7d69cf81efaccfea798a] RESPONSE FindElement {
   "element-6066-11e4-a52e-4f735466cecf": "f.FF55771958B2683257D5C0DA48A60AD6.d.CE5959C2D3C53415E5D9E4FD1B578B80.e.8"
}
[1768299705.869][INFO]: [51b85852c79e7d69cf81efaccfea798a] COMMAND TypeElement {
   "id": "f.FF55771958B2683257D5C0DA48A60AD6.d.CE5959C2D3C53415E5D9E4FD1B578B80.e.8",
   "text": "30",
   "value": [ "3", "0" ]
}
[1768299705.869][INFO]: Waiting for pending navigations...
[1768299705.870][INFO]: Done waiting for pending navigations. Status: ok
[1768299705.948][INFO]: Waiting for pending navigations...
[1768299705.953][INFO]: Done waiting for pending navigations. Status: ok
[1768299705.953][INFO]: [51b85852c79e7d69cf81efaccfea798a] RESPONSE TypeElement
[1768299706.958][INFO]: [51b85852c79e7d69cf81efaccfea798a] COMMAND FindElement {
   "using": "xpath",
   "value": "//span[contains(text(),'Submit')]"
}
[1768299706.958][INFO]: Waiting for pending navigations...
[1768299706.960][INFO]: Done waiting for pending navigations. Status: ok
[1768299706.974][INFO]: Waiting for pending navigations...
[1768299706.975][INFO]: Done waiting for pending navigations. Status: ok
[1768299706.975][INFO]: [51b85852c79e7d69cf81efaccfea798a] RESPONSE FindElement {
   "element-6066-11e4-a52e-4f735466cecf": "f.FF55771958B2683257D5C0DA48A60AD6.d.CE5959C2D3C53415E5D9E4FD1B578B80.e.73"
}
[1768299706.977][INFO]: [51b85852c79e7d69cf81efaccfea798a] COMMAND ClickElement {
   "id": "f.FF55771958B2683257D5C0DA48A60AD6.d.CE5959C2D3C53415E5D9E4FD1B578B80.e.73"
}
[1768299706.977][INFO]: Waiting for pending navigations...
[1768299706.978][INFO]: Done waiting for pending navigations. Status: ok
[1768299707.041][INFO]: Waiting for pending navigations...
[1768299707.880][INFO]: Done waiting for pending navigations. Status: ok
[1768299707.880][INFO]: [51b85852c79e7d69cf81efaccfea798a] RESPONSE ClickElement
[1768299709.883][INFO]: [51b85852c79e7d69cf81efaccfea798a] COMMAND FindElement {
   "using": "xpath",
   "value": "//div[contains(text(),'Thanks for your response, Automation Wizard!')]"
}
[1768299709.883][INFO]: Waiting for pending navigations...
[1768299709.884][INFO]: Done waiting for pending navigations. Status: ok
[1768299709.898][INFO]: Waiting for pending navigations...
[1768299709.899][INFO]: Done waiting for pending navigations. Status: ok
[1768299709.899][INFO]: [51b85852c79e7d69cf81efaccfea798a] RESPONSE FindElement {
   "element-6066-11e4-a52e-4f735466cecf": "f.FF55771958B2683257D5C0DA48A60AD6.d.8F90DDEB82CDEB060ABF8DC2A99550A9.e.78"
}
[1768299709.901][INFO]: [51b85852c79e7d69cf81efaccfea798a] COMMAND GetElementText {
   "id": "f.FF55771958B2683257D5C0DA48A60AD6.d.8F90DDEB82CDEB060ABF8DC2A99550A9.e.78"
}
[1768299709.901][INFO]: Waiting for pending navigations...
[1768299709.902][INFO]: Done waiting for pending navigations. Status: ok
[1768299709.908][INFO]: Waiting for pending navigations...
[1768299709.908][INFO]: Done waiting for pending navigations. Status: ok
[1768299709.908][INFO]: [51b85852c79e7d69cf81efaccfea798a] RESPONSE GetElementText "Thanks for your response, Automation Wizard!"
[1768299709.916][INFO]: [51b85852c79e7d69cf81efaccfea798a] COMMAND CloseWindow {
}
[1768299710.008][INFO]: [51b85852c79e7d69cf81efaccfea798a] RESPONSE CloseWindow [  ]
